{"total": {"lines":{"total":180,"covered":169,"skipped":0,"pct":93.88},"statements":{"total":180,"covered":169,"skipped":0,"pct":93.88},"functions":{"total":8,"covered":8,"skipped":0,"pct":100},"branches":{"total":40,"covered":32,"skipped":0,"pct":80},"branchesTrue":{"total":0,"covered":0,"skipped":0,"pct":100}}
,"F:\\GitRepos\\sheetmerge\\apps\\web\\src\\functions\\parse-csv-file\\parse-csv-file.ts": {"lines":{"total":60,"covered":56,"skipped":0,"pct":93.33},"functions":{"total":4,"covered":4,"skipped":0,"pct":100},"statements":{"total":60,"covered":56,"skipped":0,"pct":93.33},"branches":{"total":17,"covered":12,"skipped":0,"pct":70.58}}
,"F:\\GitRepos\\sheetmerge\\apps\\web\\src\\functions\\run-local-join-merge\\run-local-join-merge.ts": {"lines":{"total":27,"covered":27,"skipped":0,"pct":100},"functions":{"total":1,"covered":1,"skipped":0,"pct":100},"statements":{"total":27,"covered":27,"skipped":0,"pct":100},"branches":{"total":3,"covered":3,"skipped":0,"pct":100}}
,"F:\\GitRepos\\sheetmerge\\apps\\web\\src\\functions\\run-local-merge\\run-local-merge.ts": {"lines":{"total":62,"covered":58,"skipped":0,"pct":93.54},"functions":{"total":1,"covered":1,"skipped":0,"pct":100},"statements":{"total":62,"covered":58,"skipped":0,"pct":93.54},"branches":{"total":15,"covered":13,"skipped":0,"pct":86.66}}
,"F:\\GitRepos\\sheetmerge\\apps\\web\\src\\functions\\set-merge-error\\set-merge-error.ts": {"lines":{"total":12,"covered":9,"skipped":0,"pct":75},"functions":{"total":1,"covered":1,"skipped":0,"pct":100},"statements":{"total":12,"covered":9,"skipped":0,"pct":75},"branches":{"total":4,"covered":3,"skipped":0,"pct":75}}
,"F:\\GitRepos\\sheetmerge\\apps\\web\\src\\functions\\set-merge-result\\set-merge-result.ts": {"lines":{"total":19,"covered":19,"skipped":0,"pct":100},"functions":{"total":1,"covered":1,"skipped":0,"pct":100},"statements":{"total":19,"covered":19,"skipped":0,"pct":100},"branches":{"total":1,"covered":1,"skipped":0,"pct":100}}
}
